0 verbose cli C:\Program Files\nodejs\node.exe C:\Users\hamak\AppData\Roaming\npm\node_modules\npm\bin\npm-cli.js
1 info using npm@10.2.5
2 info using node@v21.4.0
3 timing npm:load:whichnode Completed in 2ms
4 timing config:load:defaults Completed in 2ms
5 timing config:load:file:C:\Users\hamak\AppData\Roaming\npm\node_modules\npm\npmrc Completed in 5ms
6 timing config:load:builtin Completed in 6ms
7 timing config:load:cli Completed in 2ms
8 timing config:load:env Completed in 1ms
9 timing config:load:file:C:\JavaScript\scheduleApp\.npmrc Completed in 0ms
10 timing config:load:project Completed in 3ms
11 timing config:load:file:C:\Users\hamak\.npmrc Completed in 1ms
12 timing config:load:user Completed in 1ms
13 timing config:load:file:C:\Users\hamak\AppData\Roaming\npm\etc\npmrc Completed in 1ms
14 timing config:load:global Completed in 1ms
15 timing config:load:setEnvs Completed in 1ms
16 timing config:load Completed in 18ms
17 timing npm:load:configload Completed in 19ms
18 timing config:load:flatten Completed in 3ms
19 timing npm:load:mkdirpcache Completed in 1ms
20 timing npm:load:mkdirplogs Completed in 1ms
21 verbose title npm install bootstrap
22 verbose argv "install" "bootstrap"
23 timing npm:load:setTitle Completed in 1ms
24 timing npm:load:display Completed in 1ms
25 verbose logfile logs-max:10 dir:C:\JavaScript\scheduleApp\customform\_logs\2023-12-19T23_13_29_256Z-
26 verbose logfile C:\JavaScript\scheduleApp\customform\_logs\2023-12-19T23_13_29_256Z-debug-0.log
27 timing npm:load:logFile Completed in 28ms
28 timing npm:load:timers Completed in 0ms
29 timing npm:load:configScope Completed in 0ms
30 timing npm:load Completed in 99ms
31 timing config:load:flatten Completed in 0ms
32 timing arborist:ctor Completed in 1ms
33 silly logfile done cleaning log files
34 timing arborist:ctor Completed in 0ms
35 timing idealTree:init Completed in 25ms
36 timing idealTree:userRequests Completed in 3ms
37 silly idealTree buildDeps
38 silly fetch manifest bootstrap@*
39 http fetch GET 200 https://registry.npmjs.org/npm 439ms
40 http fetch GET 200 https://registry.npmjs.org/bootstrap 786ms (cache miss)
41 silly fetch manifest @popperjs/core@^2.11.8
42 http fetch GET 200 https://registry.npmjs.org/@popperjs%2fcore 1339ms (cache miss)
43 silly placeDep ROOT bootstrap@5.3.2 OK for:  want: *
44 silly placeDep ROOT @popperjs/core@2.11.8 OK for: bootstrap@5.3.2 want: ^2.11.8
45 timing idealTree:#root Completed in 2747ms
46 timing idealTree:node_modules/@popperjs/core Completed in 0ms
47 timing idealTree:node_modules/bootstrap Completed in 0ms
48 timing idealTree:buildDeps Completed in 2820ms
49 timing idealTree:fixDepFlags Completed in 1ms
50 timing idealTree Completed in 2849ms
51 timing reify:loadTrees Completed in 2851ms
52 timing reify:diffTrees Completed in 1ms
53 silly reify moves {}
54 timing reify:retireShallow Completed in 2ms
55 timing reify:createSparse Completed in 3ms
56 timing reify:loadBundles Completed in 0ms
57 silly tarball no local data for bootstrap@https://registry.npmjs.org/bootstrap/-/bootstrap-5.3.2.tgz. Extracting by manifest.
58 silly tarball no local data for @popperjs/core@https://registry.npmjs.org/@popperjs/core/-/core-2.11.8.tgz. Extracting by manifest.
59 http fetch GET 200 https://registry.npmjs.org/@popperjs/core/-/core-2.11.8.tgz 3518ms (cache miss)
60 timing reifyNode:node_modules/@popperjs/core Completed in 3530ms
61 http fetch GET 200 https://registry.npmjs.org/bootstrap/-/bootstrap-5.3.2.tgz 4517ms (cache miss)
62 timing reifyNode:node_modules/bootstrap Completed in 4528ms
63 timing reify:unpack Completed in 4530ms
64 timing reify:unretire Completed in 0ms
65 timing build:queue Completed in 1ms
66 timing build:deps Completed in 2ms
67 timing build Completed in 2ms
68 timing reify:build Completed in 3ms
69 timing reify:trash Completed in 0ms
70 timing reify:save Completed in 11ms
71 timing reify Completed in 7537ms
72 silly ADD node_modules/@popperjs/core
73 silly ADD node_modules/bootstrap
74 timing command:install Completed in 7566ms
75 verbose exit 0
76 timing npm Completed in 8425ms
77 info ok
